<?xml version="1.0" encoding="UTF-8"?>
<!-- Generated by org.testng.reporters.JUnitReportReporter -->
<testsuite hostname="macpk-wks-0135" failures="0" tests="50" name="Master.ConnectExecution" time="709.201" errors="2" timestamp="2022-04-23T10:15:27 PKT" skipped="9">
  <testcase classname="Master.ConnectExecution" name="ConnectLoginApp" time="13.685"/>
  <system-out/>
  <testcase classname="Master.ConnectExecution" name="TransactionNewCard" time="0.406">
    <skipped/>
  </testcase> <!-- TransactionNewCard -->
  <system-out/>
  <testcase classname="Master.ConnectExecution" name="Transactionsavecardverification" time="0.507">
    <skipped/>
  </testcase> <!-- Transactionsavecardverification -->
  <system-out/>
  <testcase classname="Master.ConnectExecution" name="Remove_CreditCard" time="0.234">
    <skipped/>
  </testcase> <!-- Remove_CreditCard -->
  <system-out/>
  <testcase classname="Master.ConnectExecution" name="TransactionExistingCard" time="0.202">
    <skipped/>
  </testcase> <!-- TransactionExistingCard -->
  <system-out/>
  <testcase classname="Master.ConnectExecution" name="ProspectListvalidation" time="11.464"/>
  <system-out/>
  <testcase classname="Master.ConnectExecution" name="AddDistFromPL" time="0.273"/>
  <system-out/>
  <testcase classname="Master.ConnectExecution" name="Remove_DistFromPL" time="123.554">
    <error message="no such element: Unable to locate element: {&quot;method&quot;:&quot;xpath&quot;,&quot;selector&quot;:&quot;//input[contains(@src,&#039;RemoveIcon.png&#039;)]&quot;}
  (Session info: chrome=100.0.4896.127)
For documentation on this error, please visit: https://selenium.dev/exceptions/#no_such_element
Build info: version: &#039;4.1.3&#039;, revision: &#039;7b1ebf28ef&#039;
System info: host: &#039;MACPK-WKS-0135&#039;, ip: &#039;192.168.8.100&#039;, os.name: &#039;Windows 10&#039;, os.arch: &#039;amd64&#039;, os.version: &#039;10.0&#039;, java.version: &#039;15.0.1&#039;
Driver info: org.openqa.selenium.chrome.ChromeDriver
Command: [ea169f4208788bc64538714512fb6ac4, findElement {using=xpath, value=//input[contains(@src,&#039;RemoveIcon.png&#039;)]}]
Capabilities {acceptInsecureCerts: false, browserName: chrome, browserVersion: 100.0.4896.127, chrome: {chromedriverVersion: 100.0.4896.60 (6a5d10861ce8..., userDataDir: C:\Users\BAKHTA~1.NAZ\AppDa...}, goog:chromeOptions: {debuggerAddress: localhost:54744}, javascriptEnabled: true, networkConnectionEnabled: false, pageLoadStrategy: normal, platform: WINDOWS, platformName: WINDOWS, proxy: Proxy(), se:cdp: ws://localhost:54744/devtoo..., se:cdpVersion: 100.0.4896.127, setWindowRect: true, strictFileInteractability: false, timeouts: {implicit: 0, pageLoad: 300000, script: 30000}, unhandledPromptBehavior: dismiss and notify, webauthn:extension:credBlob: true, webauthn:extension:largeBlob: true, webauthn:virtualAuthenticators: true}
Session ID: ea169f4208788bc64538714512fb6ac4" type="org.openqa.selenium.NoSuchElementException">
      <![CDATA[org.openqa.selenium.NoSuchElementException: no such element: Unable to locate element: {"method":"xpath","selector":"//input[contains(@src,'RemoveIcon.png')]"}
  (Session info: chrome=100.0.4896.127)
For documentation on this error, please visit: https://selenium.dev/exceptions/#no_such_element
Build info: version: '4.1.3', revision: '7b1ebf28ef'
System info: host: 'MACPK-WKS-0135', ip: '192.168.8.100', os.name: 'Windows 10', os.arch: 'amd64', os.version: '10.0', java.version: '15.0.1'
Driver info: org.openqa.selenium.chrome.ChromeDriver
Command: [ea169f4208788bc64538714512fb6ac4, findElement {using=xpath, value=//input[contains(@src,'RemoveIcon.png')]}]
Capabilities {acceptInsecureCerts: false, browserName: chrome, browserVersion: 100.0.4896.127, chrome: {chromedriverVersion: 100.0.4896.60 (6a5d10861ce8..., userDataDir: C:\Users\BAKHTA~1.NAZ\AppDa...}, goog:chromeOptions: {debuggerAddress: localhost:54744}, javascriptEnabled: true, networkConnectionEnabled: false, pageLoadStrategy: normal, platform: WINDOWS, platformName: WINDOWS, proxy: Proxy(), se:cdp: ws://localhost:54744/devtoo..., se:cdpVersion: 100.0.4896.127, setWindowRect: true, strictFileInteractability: false, timeouts: {implicit: 0, pageLoad: 300000, script: 30000}, unhandledPromptBehavior: dismiss and notify, webauthn:extension:credBlob: true, webauthn:extension:largeBlob: true, webauthn:virtualAuthenticators: true}
Session ID: ea169f4208788bc64538714512fb6ac4
at java.base/jdk.internal.reflect.NativeConstructorAccessorImpl.newInstance0(Native Method)
at java.base/jdk.internal.reflect.NativeConstructorAccessorImpl.newInstance(NativeConstructorAccessorImpl.java:64)
at java.base/jdk.internal.reflect.DelegatingConstructorAccessorImpl.newInstance(DelegatingConstructorAccessorImpl.java:45)
at java.base/java.lang.reflect.Constructor.newInstanceWithCaller(Constructor.java:500)
at java.base/java.lang.reflect.Constructor.newInstance(Constructor.java:481)
at org.openqa.selenium.remote.codec.w3c.W3CHttpResponseCodec.createException(W3CHttpResponseCodec.java:200)
at org.openqa.selenium.remote.codec.w3c.W3CHttpResponseCodec.decode(W3CHttpResponseCodec.java:133)
at org.openqa.selenium.remote.codec.w3c.W3CHttpResponseCodec.decode(W3CHttpResponseCodec.java:53)
at org.openqa.selenium.remote.HttpCommandExecutor.execute(HttpCommandExecutor.java:184)
at org.openqa.selenium.remote.service.DriverCommandExecutor.invokeExecute(DriverCommandExecutor.java:167)
at org.openqa.selenium.remote.service.DriverCommandExecutor.execute(DriverCommandExecutor.java:142)
at org.openqa.selenium.remote.RemoteWebDriver.execute(RemoteWebDriver.java:567)
at org.openqa.selenium.remote.ElementLocation$ElementFinder$2.findElement(ElementLocation.java:162)
at org.openqa.selenium.remote.ElementLocation.findElement(ElementLocation.java:60)
at org.openqa.selenium.remote.RemoteWebDriver.findElement(RemoteWebDriver.java:385)
at org.openqa.selenium.remote.RemoteWebDriver.findElement(RemoteWebDriver.java:377)
at org.openqa.selenium.support.pagefactory.DefaultElementLocator.findElement(DefaultElementLocator.java:70)
at org.openqa.selenium.support.pagefactory.internal.LocatingElementHandler.invoke(LocatingElementHandler.java:39)
at com.sun.proxy.$Proxy18.click(Unknown Source)
at Master.ConnectScenarios.RemoveDistFromPL(ConnectScenarios.java:341)
at Master.ConnectExecution.Remove_DistFromPL(ConnectExecution.java:85)
at java.base/jdk.internal.reflect.NativeMethodAccessorImpl.invoke0(Native Method)
at java.base/jdk.internal.reflect.NativeMethodAccessorImpl.invoke(NativeMethodAccessorImpl.java:64)
at java.base/jdk.internal.reflect.DelegatingMethodAccessorImpl.invoke(DelegatingMethodAccessorImpl.java:43)
at java.base/java.lang.reflect.Method.invoke(Method.java:564)
at org.testng.internal.MethodInvocationHelper.invokeMethod(MethodInvocationHelper.java:132)
at org.testng.internal.TestInvoker.invokeMethod(TestInvoker.java:599)
at org.testng.internal.TestInvoker.invokeTestMethod(TestInvoker.java:174)
at org.testng.internal.MethodRunner.runInSequence(MethodRunner.java:46)
at org.testng.internal.TestInvoker$MethodInvocationAgent.invoke(TestInvoker.java:822)
at org.testng.internal.TestInvoker.invokeTestMethods(TestInvoker.java:147)
at org.testng.internal.TestMethodWorker.invokeTestMethods(TestMethodWorker.java:146)
at org.testng.internal.TestMethodWorker.run(TestMethodWorker.java:128)
at java.base/java.util.ArrayList.forEach(ArrayList.java:1511)
at org.testng.TestRunner.privateRun(TestRunner.java:764)
at org.testng.TestRunner.run(TestRunner.java:585)
at org.testng.SuiteRunner.runTest(SuiteRunner.java:384)
at org.testng.SuiteRunner.runSequentially(SuiteRunner.java:378)
at org.testng.SuiteRunner.privateRun(SuiteRunner.java:337)
at org.testng.SuiteRunner.run(SuiteRunner.java:286)
at org.testng.SuiteRunnerWorker.runSuite(SuiteRunnerWorker.java:53)
at org.testng.SuiteRunnerWorker.run(SuiteRunnerWorker.java:96)
at org.testng.TestNG.runSuitesSequentially(TestNG.java:1218)
at org.testng.TestNG.runSuitesLocally(TestNG.java:1140)
at org.testng.TestNG.runSuites(TestNG.java:1069)
at org.testng.TestNG.run(TestNG.java:1037)
at org.testng.remote.AbstractRemoteTestNG.run(AbstractRemoteTestNG.java:115)
at org.testng.remote.RemoteTestNG.initAndRun(RemoteTestNG.java:251)
at org.testng.remote.RemoteTestNG.main(RemoteTestNG.java:77)
]]>
    </error>
  </testcase> <!-- Remove_DistFromPL -->
  <system-out/>
  <testcase classname="Master.ConnectExecution" name="Monitor_List" time="8.256"/>
  <system-out/>
  <testcase classname="Master.ConnectExecution" name="AddandRemoveDistML" time="0.437">
    <skipped/>
  </testcase> <!-- AddandRemoveDistML -->
  <system-out/>
  <testcase classname="Master.ConnectExecution" name="BasicSearchDistributor" time="3.312"/>
  <system-out/>
  <testcase classname="Master.ConnectExecution" name="BasicSearchCompany" time="24.841"/>
  <system-out/>
  <testcase classname="Master.ConnectExecution" name="Advanced_SearchResult" time="5.047"/>
  <system-out/>
  <testcase classname="Master.ConnectExecution" name="AdvancedSearchStateDropDownResult" time="3.751"/>
  <system-out/>
  <testcase classname="Master.ConnectExecution" name="AdvancedSearchRangeDropDownResult" time="4.201"/>
  <system-out/>
  <testcase classname="Master.ConnectExecution" name="AdvancedSearchProductlineDropDownResult" time="5.090"/>
  <system-out/>
  <testcase classname="Master.ConnectExecution" name="AdvancedSearchCustomerTypeDropDownResult" time="6.156"/>
  <system-out/>
  <testcase classname="Master.ConnectExecution" name="AdvancedSearchPayHabitFromDropDownResult" time="3.759"/>
  <system-out/>
  <testcase classname="Master.ConnectExecution" name="AdvancedSearchPayHabiToDropDownResult" time="3.696"/>
  <system-out/>
  <testcase classname="Master.ConnectExecution" name="AdvancedSearchViewDaysDropDownResult" time="3.564"/>
  <system-out/>
  <testcase classname="Master.ConnectExecution" name="Distributor_Profile_ESP_Product_Display" time="14.453"/>
  <system-out/>
  <testcase classname="Master.ConnectExecution" name="DistCreditScore" time="123.790"/>
  <system-out/>
  <testcase classname="Master.ConnectExecution" name="DistCreditHistoryCurrent6months" time="0.800"/>
  <system-out/>
  <testcase classname="Master.ConnectExecution" name="DistCreditHistoryPre6months" time="1.856"/>
  <system-out/>
  <testcase classname="Master.ConnectExecution" name="DistributorCreditHistory_IndustryAverage" time="0.545"/>
  <system-out/>
  <testcase classname="Master.ConnectExecution" name="DistributorCreditHistory_GeneralCredit" time="1.400">
    <error message="For input string: &quot;&quot;" type="java.lang.NumberFormatException">
      <![CDATA[java.lang.NumberFormatException: For input string: ""
at java.base/java.lang.NumberFormatException.forInputString(NumberFormatException.java:68)
at java.base/java.lang.Integer.parseInt(Integer.java:662)
at java.base/java.lang.Integer.parseInt(Integer.java:770)
at Master.ConnectScenarios.DistCreditHistory_GeneralCredit(ConnectScenarios.java:691)
at Master.ConnectExecution.DistributorCreditHistory_GeneralCredit(ConnectExecution.java:179)
at java.base/jdk.internal.reflect.NativeMethodAccessorImpl.invoke0(Native Method)
at java.base/jdk.internal.reflect.NativeMethodAccessorImpl.invoke(NativeMethodAccessorImpl.java:64)
at java.base/jdk.internal.reflect.DelegatingMethodAccessorImpl.invoke(DelegatingMethodAccessorImpl.java:43)
at java.base/java.lang.reflect.Method.invoke(Method.java:564)
at org.testng.internal.MethodInvocationHelper.invokeMethod(MethodInvocationHelper.java:132)
at org.testng.internal.TestInvoker.invokeMethod(TestInvoker.java:599)
at org.testng.internal.TestInvoker.invokeTestMethod(TestInvoker.java:174)
at org.testng.internal.MethodRunner.runInSequence(MethodRunner.java:46)
at org.testng.internal.TestInvoker$MethodInvocationAgent.invoke(TestInvoker.java:822)
at org.testng.internal.TestInvoker.invokeTestMethods(TestInvoker.java:147)
at org.testng.internal.TestMethodWorker.invokeTestMethods(TestMethodWorker.java:146)
at org.testng.internal.TestMethodWorker.run(TestMethodWorker.java:128)
at java.base/java.util.ArrayList.forEach(ArrayList.java:1511)
at org.testng.TestRunner.privateRun(TestRunner.java:764)
at org.testng.TestRunner.run(TestRunner.java:585)
at org.testng.SuiteRunner.runTest(SuiteRunner.java:384)
at org.testng.SuiteRunner.runSequentially(SuiteRunner.java:378)
at org.testng.SuiteRunner.privateRun(SuiteRunner.java:337)
at org.testng.SuiteRunner.run(SuiteRunner.java:286)
at org.testng.SuiteRunnerWorker.runSuite(SuiteRunnerWorker.java:53)
at org.testng.SuiteRunnerWorker.run(SuiteRunnerWorker.java:96)
at org.testng.TestNG.runSuitesSequentially(TestNG.java:1218)
at org.testng.TestNG.runSuitesLocally(TestNG.java:1140)
at org.testng.TestNG.runSuites(TestNG.java:1069)
at org.testng.TestNG.run(TestNG.java:1037)
at org.testng.remote.AbstractRemoteTestNG.run(AbstractRemoteTestNG.java:115)
at org.testng.remote.RemoteTestNG.initAndRun(RemoteTestNG.java:251)
at org.testng.remote.RemoteTestNG.main(RemoteTestNG.java:77)
]]>
    </error>
  </testcase> <!-- DistributorCreditHistory_GeneralCredit -->
  <system-out/>
  <testcase classname="Master.ConnectExecution" name="AveragePayingHabit_ReportsWithPurchases" time="0.970"/>
  <system-out/>
  <testcase classname="Master.ConnectExecution" name="AveragePayingHabit_TransactionWithPurchases" time="0.933"/>
  <system-out/>
  <testcase classname="Master.ConnectExecution" name="AveragePayingHabit_Volumn" time="0.734"/>
  <system-out/>
  <testcase classname="Master.ConnectExecution" name="Single_Transaction_Paid" time="0.377">
    <skipped/>
  </testcase> <!-- Single_Transaction_Paid -->
  <system-out/>
  <testcase classname="Master.ConnectExecution" name="SingleTransactionCollection" time="0.278">
    <skipped/>
  </testcase> <!-- SingleTransactionCollection -->
  <system-out/>
  <testcase classname="Master.ConnectExecution" name="SingleTransactionWriteOff" time="0.314">
    <skipped/>
  </testcase> <!-- SingleTransactionWriteOff -->
  <system-out/>
  <testcase classname="Master.ConnectExecution" name="SingleTransactionPastDue" time="0.262">
    <skipped/>
  </testcase> <!-- SingleTransactionPastDue -->
  <system-out/>
  <testcase classname="Master.ConnectExecution" name="Validate_ESPAnalyticsAppNavigation" time="13.248"/>
  <system-out/>
  <testcase classname="Master.ConnectExecution" name="Validate_EmailMarketingAppNavigation" time="19.382"/>
  <system-out/>
  <testcase classname="Master.ConnectExecution" name="Validate_ESPUpdatesAppNavigation" time="26.092"/>
  <system-out/>
  <testcase classname="Master.ConnectExecution" name="Validate_FooterLink_ASIStore_ASIMagazines" time="14.503"/>
  <system-out/>
  <testcase classname="Master.ConnectExecution" name="Validate_FooterLink_ASIStore_Connect" time="11.468"/>
  <system-out/>
  <testcase classname="Master.ConnectExecution" name="Validate_FooterLink_ASIStore_ESPWeb" time="31.311"/>
  <system-out/>
  <testcase classname="Master.ConnectExecution" name="Validate_FooterLink_ASIStore_ESPAdvertising" time="20.354"/>
  <system-out/>
  <testcase classname="Master.ConnectExecution" name="Validate_FooterLink_ASIStore_ESPWebsite" time="17.108"/>
  <system-out/>
  <testcase classname="Master.ConnectExecution" name="Validate_FooterLink_ASIStore_EmailExpress" time="16.775"/>
  <system-out/>
  <testcase classname="Master.ConnectExecution" name="Validate_FooterLink_ASIStore_ASISalesPro" time="10.023"/>
  <system-out/>
  <testcase classname="Master.ConnectExecution" name="Validate_FooterLink_Community_ASICentral" time="34.273"/>
  <system-out/>
  <testcase classname="Master.ConnectExecution" name="Validate_FooterLink_Community_TimAndrewsBlog" time="25.705"/>
  <system-out/>
  <testcase classname="Master.ConnectExecution" name="Validate_FooterLink_CommunityASIFacebook" time="28.595"/>
  <system-out/>
  <testcase classname="Master.ConnectExecution" name="Validate_FooterLink_Community_ASIYoutube" time="19.745"/>
  <system-out/>
  <testcase classname="Master.ConnectExecution" name="Validate_FooterLink_Company_AboutASI" time="15.826"/>
  <system-out/>
  <testcase classname="Master.ConnectExecution" name="Validate_FooterLink_Company_PressReleases" time="13.030"/>
  <system-out/>
  <testcase classname="Master.ConnectExecution" name="Validate_FooterLink_Company_ASICareers" time="22.616"/>
  <system-out/>
</testsuite> <!-- Master.ConnectExecution -->
